[0930/021932.900:ERROR:process_memory_win.cc(73)] ReadMemory at 0x2be9af4e4a0 of 72 bytes failed: Only part of a ReadProcessMemory or WriteProcessMemory request was completed. (0x12B)
[0930/021932.901:WARNING:pe_image_annotations_reader.cc(135)] could not read annotations list object in C:\Program Files (x86)\Google\Chrome\Application\85.0.4183.121\chrome_elf.dll
[0930/021932.901:ERROR:process_memory_win.cc(73)] ReadMemory at 0x2be9af87020 of 72 bytes failed: Only part of a ReadProcessMemory or WriteProcessMemory request was completed. (0x12B)
[0930/021932.901:WARNING:pe_image_annotations_reader.cc(135)] could not read annotations list object in C:\Program Files (x86)\Google\Chrome\Application\85.0.4183.121\chrome.dll
[0930/021932.908:ERROR:process_memory_win.cc(73)] ReadMemory at 0x7ff6c1650000 of 64 bytes failed: Only part of a ReadProcessMemory or WriteProcessMemory request was completed. (0x12B)
[0930/021932.909:WARNING:pe_image_reader.cc(340)] could not read dos header from C:\Program Files (x86)\Google\Chrome\Application\chrome.exe
[0930/021932.909:ERROR:process_memory_win.cc(73)] ReadMemory at 0x2be9af4e4a0 of 72 bytes failed: Only part of a ReadProcessMemory or WriteProcessMemory request was completed. (0x12B)
[0930/021932.909:WARNING:pe_image_annotations_reader.cc(135)] could not read annotations list object in C:\Program Files (x86)\Google\Chrome\Application\85.0.4183.121\chrome_elf.dll
[0930/021932.910:ERROR:process_memory_win.cc(73)] ReadMemory at 0x7ffcc8d90000 of 64 bytes failed: Only part of a ReadProcessMemory or WriteProcessMemory request was completed. (0x12B)
[0930/021932.910:WARNING:pe_image_reader.cc(340)] could not read dos header from C:\Program Files (x86)\Google\Chrome\Application\85.0.4183.121\chrome.dll
[0930/021932.911:ERROR:process_memory_win.cc(73)] ReadMemory at 0x7ff6c1650000 of 64 bytes failed: Only part of a ReadProcessMemory or WriteProcessMemory request was completed. (0x12B)
[0930/021932.911:WARNING:pe_image_reader.cc(340)] could not read dos header from C:\Program Files (x86)\Google\Chrome\Application\chrome.exe
[0930/021932.911:ERROR:process_memory_win.cc(73)] ReadMemory at 0x2be9af4e4a0 of 72 bytes failed: Only part of a ReadProcessMemory or WriteProcessMemory request was completed. (0x12B)
[0930/021932.911:WARNING:pe_image_annotations_reader.cc(135)] could not read annotations list object in C:\Program Files (x86)\Google\Chrome\Application\85.0.4183.121\chrome_elf.dll
[0930/021932.911:ERROR:process_memory_win.cc(73)] ReadMemory at 0x7ffcc8d90000 of 64 bytes failed: Only part of a ReadProcessMemory or WriteProcessMemory request was completed. (0x12B)
[0930/021932.911:WARNING:pe_image_reader.cc(340)] could not read dos header from C:\Program Files (x86)\Google\Chrome\Application\85.0.4183.121\chrome.dll
[0930/021932.935:ERROR:process_memory_win.cc(73)] ReadMemory at 0xeb1f3f3000 of 53248 bytes failed: Only part of a ReadProcessMemory or WriteProcessMemory request was completed. (0x12B)
[0930/021932.935:ERROR:process_memory_win.cc(73)] ReadMemory at 0xeb1fbfd000 of 12288 bytes failed: Only part of a ReadProcessMemory or WriteProcessMemory request was completed. (0x12B)
[0930/021932.935:ERROR:process_memory_win.cc(73)] ReadMemory at 0xeb203f9000 of 28672 bytes failed: Only part of a ReadProcessMemory or WriteProcessMemory request was completed. (0x12B)
[0930/021932.935:ERROR:process_memory_win.cc(73)] ReadMemory at 0xeb20bfc000 of 16384 bytes failed: Only part of a ReadProcessMemory or WriteProcessMemory request was completed. (0x12B)
[0930/021932.935:ERROR:process_memory_win.cc(73)] ReadMemory at 0xeb213fc000 of 16384 bytes failed: Only part of a ReadProcessMemory or WriteProcessMemory request was completed. (0x12B)
[0930/021932.936:ERROR:process_memory_win.cc(73)] ReadMemory at 0xeb21bfe000 of 8192 bytes failed: Only part of a ReadProcessMemory or WriteProcessMemory request was completed. (0x12B)
[0930/021932.936:ERROR:process_memory_win.cc(73)] ReadMemory at 0xeb223fd000 of 12288 bytes failed: Only part of a ReadProcessMemory or WriteProcessMemory request was completed. (0x12B)
[0930/021932.936:ERROR:process_memory_win.cc(73)] ReadMemory at 0xeb22bfc000 of 16384 bytes failed: Only part of a ReadProcessMemory or WriteProcessMemory request was completed. (0x12B)
[0930/021932.936:ERROR:process_memory_win.cc(73)] ReadMemory at 0xeb23bfd000 of 12288 bytes failed: Only part of a ReadProcessMemory or WriteProcessMemory request was completed. (0x12B)
[0930/021932.936:ERROR:process_memory_win.cc(73)] ReadMemory at 0xeb243fd000 of 12288 bytes failed: Only part of a ReadProcessMemory or WriteProcessMemory request was completed. (0x12B)
[0930/021932.936:ERROR:process_memory_win.cc(73)] ReadMemory at 0xeb24bfd000 of 12288 bytes failed: Only part of a ReadProcessMemory or WriteProcessMemory request was completed. (0x12B)
[0930/021932.936:ERROR:process_memory_win.cc(73)] ReadMemory at 0xeb253fd000 of 12288 bytes failed: Only part of a ReadProcessMemory or WriteProcessMemory request was completed. (0x12B)
[0930/021932.936:ERROR:process_memory_win.cc(73)] ReadMemory at 0xeb233f9000 of 28672 bytes failed: Only part of a ReadProcessMemory or WriteProcessMemory request was completed. (0x12B)
[0930/021932.937:ERROR:process_memory_win.cc(73)] ReadMemory at 0xeb25bfd000 of 12288 bytes failed: Only part of a ReadProcessMemory or WriteProcessMemory request was completed. (0x12B)
[0930/021932.937:ERROR:process_memory_win.cc(73)] ReadMemory at 0xeb1eae2000 of 852 bytes failed: Only part of a ReadProcessMemory or WriteProcessMemory request was completed. (0x12B)
[0930/021932.937:ERROR:process_memory_win.cc(73)] ReadMemory at 0xeb1eae3000 of 6024 bytes failed: Only part of a ReadProcessMemory or WriteProcessMemory request was completed. (0x12B)
[0930/021932.937:ERROR:process_memory_win.cc(73)] ReadMemory at 0xeb1eae5000 of 6024 bytes failed: Only part of a ReadProcessMemory or WriteProcessMemory request was completed. (0x12B)
[0930/021932.937:ERROR:process_memory_win.cc(73)] ReadMemory at 0xeb1eae7000 of 6024 bytes failed: Only part of a ReadProcessMemory or WriteProcessMemory request was completed. (0x12B)
[0930/021932.937:ERROR:process_memory_win.cc(73)] ReadMemory at 0xeb1eae9000 of 6024 bytes failed: Only part of a ReadProcessMemory or WriteProcessMemory request was completed. (0x12B)
[0930/021932.937:ERROR:process_memory_win.cc(73)] ReadMemory at 0xeb1eaeb000 of 6024 bytes failed: Only part of a ReadProcessMemory or WriteProcessMemory request was completed. (0x12B)
[0930/021932.937:ERROR:process_memory_win.cc(73)] ReadMemory at 0xeb1eaed000 of 6024 bytes failed: Only part of a ReadProcessMemory or WriteProcessMemory request was completed. (0x12B)
[0930/021932.937:ERROR:process_memory_win.cc(73)] ReadMemory at 0xeb1eaef000 of 6024 bytes failed: Only part of a ReadProcessMemory or WriteProcessMemory request was completed. (0x12B)
[0930/021932.937:ERROR:process_memory_win.cc(73)] ReadMemory at 0xeb1eaf1000 of 6024 bytes failed: Only part of a ReadProcessMemory or WriteProcessMemory request was completed. (0x12B)
[0930/021932.938:ERROR:process_memory_win.cc(73)] ReadMemory at 0xeb1eaf5000 of 6024 bytes failed: Only part of a ReadProcessMemory or WriteProcessMemory request was completed. (0x12B)
[0930/021932.938:ERROR:process_memory_win.cc(73)] ReadMemory at 0xeb1eaf7000 of 6024 bytes failed: Only part of a ReadProcessMemory or WriteProcessMemory request was completed. (0x12B)
[0930/021932.938:ERROR:process_memory_win.cc(73)] ReadMemory at 0xeb1eaf9000 of 6024 bytes failed: Only part of a ReadProcessMemory or WriteProcessMemory request was completed. (0x12B)
[0930/021932.938:ERROR:process_memory_win.cc(73)] ReadMemory at 0xeb1eafb000 of 6024 bytes failed: Only part of a ReadProcessMemory or WriteProcessMemory request was completed. (0x12B)
[0930/021932.938:ERROR:process_memory_win.cc(73)] ReadMemory at 0xeb1eafd000 of 6024 bytes failed: Only part of a ReadProcessMemory or WriteProcessMemory request was completed. (0x12B)
[0930/021932.938:ERROR:process_memory_win.cc(73)] ReadMemory at 0xeb1eaff000 of 6024 bytes failed: Only part of a ReadProcessMemory or WriteProcessMemory request was completed. (0x12B)
[0930/021932.938:ERROR:process_memory_win.cc(73)] ReadMemory at 0x2be9aed0e80 of 704 bytes failed: Only part of a ReadProcessMemory or WriteProcessMemory request was completed. (0x12B)
[0930/021932.938:ERROR:process_memory_win.cc(73)] ReadMemory at 0x2be9af40fe0 of 5334 bytes failed: Only part of a ReadProcessMemory or WriteProcessMemory request was completed. (0x12B)
[0930/021932.938:ERROR:process_memory_win.cc(73)] ReadMemory at 0x2be9af424c0 of 1012 bytes failed: Only part of a ReadProcessMemory or WriteProcessMemory request was completed. (0x12B)
[0930/021932.939:ERROR:process_memory_win.cc(73)] ReadMemory at 0x2be9af42b08 of 118 bytes failed: Only part of a ReadProcessMemory or WriteProcessMemory request was completed. (0x12B)
[0930/021932.939:ERROR:process_memory_win.cc(73)] ReadMemory at 0x2be9af42b80 of 1062 bytes failed: Only part of a ReadProcessMemory or WriteProcessMemory request was completed. (0x12B)
[0930/021932.939:ERROR:process_memory_win.cc(73)] ReadMemory at 0x2be9af42fa8 of 118 bytes failed: Only part of a ReadProcessMemory or WriteProcessMemory request was completed. (0x12B)
[0930/021932.939:ERROR:process_memory_win.cc(73)] ReadMemory at 0x2be9af43020 of 96 bytes failed: Only part of a ReadProcessMemory or WriteProcessMemory request was completed. (0x12B)
[0930/021932.939:ERROR:process_memory_win.cc(73)] ReadMemory at 0x2be9af43090 of 58 bytes failed: Only part of a ReadProcessMemory or WriteProcessMemory request was completed. (0x12B)
[0930/021932.939:ERROR:process_memory_win.cc(73)] ReadMemory at 0x2be9af43190 of 132 bytes failed: Only part of a ReadProcessMemory or WriteProcessMemory request was completed. (0x12B)
[0930/021932.939:ERROR:process_memory_win.cc(73)] ReadMemory at 0x2be9af43320 of 132 bytes failed: Only part of a ReadProcessMemory or WriteProcessMemory request was completed. (0x12B)
[0930/021932.939:ERROR:process_memory_win.cc(73)] ReadMemory at 0x2be9af434e0 of 126 bytes failed: Only part of a ReadProcessMemory or WriteProcessMemory request was completed. (0x12B)
[0930/021932.939:ERROR:process_memory_win.cc(73)] ReadMemory at 0x2be9af438c0 of 132 bytes failed: Only part of a ReadProcessMemory or WriteProcessMemory request was completed. (0x12B)
[0930/021932.939:ERROR:process_memory_win.cc(73)] ReadMemory at 0x2be9af43a50 of 64 bytes failed: Only part of a ReadProcessMemory or WriteProcessMemory request was completed. (0x12B)
[0930/021932.939:ERROR:process_memory_win.cc(73)] ReadMemory at 0x2be9af43c10 of 132 bytes failed: Only part of a ReadProcessMemory or WriteProcessMemory request was completed. (0x12B)
[0930/021932.939:ERROR:process_memory_win.cc(73)] ReadMemory at 0x2be9af43eb0 of 132 bytes failed: Only part of a ReadProcessMemory or WriteProcessMemory request was completed. (0x12B)
[0930/021932.940:ERROR:process_memory_win.cc(73)] ReadMemory at 0x2be9af44040 of 68 bytes failed: Only part of a ReadProcessMemory or WriteProcessMemory request was completed. (0x12B)
[0930/021932.940:ERROR:process_memory_win.cc(73)] ReadMemory at 0x2be9af451a0 of 132 bytes failed: Only part of a ReadProcessMemory or WriteProcessMemory request was completed. (0x12B)
[0930/021932.940:ERROR:process_memory_win.cc(73)] ReadMemory at 0x2be9af45330 of 154 bytes failed: Only part of a ReadProcessMemory or WriteProcessMemory request was completed. (0x12B)
[0930/021932.940:ERROR:process_memory_win.cc(73)] ReadMemory at 0x2be9af46110 of 62 bytes failed: Only part of a ReadProcessMemory or WriteProcessMemory request was completed. (0x12B)
[0930/021932.940:ERROR:process_memory_win.cc(73)] ReadMemory at 0x2be9af46300 of 132 bytes failed: Only part of a ReadProcessMemory or WriteProcessMemory request was completed. (0x12B)
[0930/021932.940:ERROR:process_memory_win.cc(73)] ReadMemory at 0x2be9af46920 of 60 bytes failed: Only part of a ReadProcessMemory or WriteProcessMemory request was completed. (0x12B)
[0930/021932.940:ERROR:process_memory_win.cc(73)] ReadMemory at 0x2be9af4b1ac of 512 bytes failed: Only part of a ReadProcessMemory or WriteProcessMemory request was completed. (0x12B)
[0930/021932.940:ERROR:process_memory_win.cc(73)] ReadMemory at 0x2be9af4e7d0 of 54 bytes failed: Only part of a ReadProcessMemory or WriteProcessMemory request was completed. (0x12B)
[0930/021932.940:ERROR:process_memory_win.cc(73)] ReadMemory at 0x2be9af4f970 of 80 bytes failed: Only part of a ReadProcessMemory or WriteProcessMemory request was completed. (0x12B)
[0930/021932.940:ERROR:process_memory_win.cc(73)] ReadMemory at 0x2be9af537f0 of 132 bytes failed: Only part of a ReadProcessMemory or WriteProcessMemory request was completed. (0x12B)
[0930/021932.940:ERROR:process_memory_win.cc(73)] ReadMemory at 0x2be9af53920 of 132 bytes failed: Only part of a ReadProcessMemory or WriteProcessMemory request was completed. (0x12B)
[0930/021932.940:ERROR:process_memory_win.cc(73)] ReadMemory at 0x2be9af53bc0 of 132 bytes failed: Only part of a ReadProcessMemory or WriteProcessMemory request was completed. (0x12B)
[0930/021932.940:ERROR:process_memory_win.cc(73)] ReadMemory at 0x2be9af55080 of 132 bytes failed: Only part of a ReadProcessMemory or WriteProcessMemory request was completed. (0x12B)
[0930/021932.940:ERROR:process_memory_win.cc(73)] ReadMemory at 0x2be9af551c0 of 132 bytes failed: Only part of a ReadProcessMemory or WriteProcessMemory request was completed. (0x12B)
[0930/021932.941:ERROR:process_memory_win.cc(73)] ReadMemory at 0x2be9af56300 of 132 bytes failed: Only part of a ReadProcessMemory or WriteProcessMemory request was completed. (0x12B)
[0930/021932.941:ERROR:process_memory_win.cc(73)] ReadMemory at 0x2be9af56430 of 132 bytes failed: Only part of a ReadProcessMemory or WriteProcessMemory request was completed. (0x12B)
[0930/021932.941:ERROR:process_memory_win.cc(73)] ReadMemory at 0x2be9af56790 of 132 bytes failed: Only part of a ReadProcessMemory or WriteProcessMemory request was completed. (0x12B)
[0930/021932.941:ERROR:process_memory_win.cc(73)] ReadMemory at 0x2be9af569a0 of 132 bytes failed: Only part of a ReadProcessMemory or WriteProcessMemory request was completed. (0x12B)
[0930/021932.941:ERROR:process_memory_win.cc(73)] ReadMemory at 0x2be9af56cd0 of 132 bytes failed: Only part of a ReadProcessMemory or WriteProcessMemory request was completed. (0x12B)
[0930/021932.941:ERROR:process_memory_win.cc(73)] ReadMemory at 0x2be9af56e00 of 132 bytes failed: Only part of a ReadProcessMemory or WriteProcessMemory request was completed. (0x12B)
[0930/021932.941:ERROR:process_memory_win.cc(73)] ReadMemory at 0x2be9af56f30 of 132 bytes failed: Only part of a ReadProcessMemory or WriteProcessMemory request was completed. (0x12B)
[0930/021932.941:ERROR:process_memory_win.cc(73)] ReadMemory at 0x2be9af57060 of 132 bytes failed: Only part of a ReadProcessMemory or WriteProcessMemory request was completed. (0x12B)
[0930/021932.941:ERROR:process_memory_win.cc(73)] ReadMemory at 0x2be9af57190 of 132 bytes failed: Only part of a ReadProcessMemory or WriteProcessMemory request was completed. (0x12B)
[0930/021932.941:ERROR:process_memory_win.cc(73)] ReadMemory at 0x2be9af572c0 of 132 bytes failed: Only part of a ReadProcessMemory or WriteProcessMemory request was completed. (0x12B)
[0930/021932.941:ERROR:process_memory_win.cc(73)] ReadMemory at 0x2be9af573f0 of 132 bytes failed: Only part of a ReadProcessMemory or WriteProcessMemory request was completed. (0x12B)
[0930/021932.941:ERROR:process_memory_win.cc(73)] ReadMemory at 0x2be9af57520 of 132 bytes failed: Only part of a ReadProcessMemory or WriteProcessMemory request was completed. (0x12B)
[0930/021932.941:ERROR:process_memory_win.cc(73)] ReadMemory at 0x2be9af57780 of 132 bytes failed: Only part of a ReadProcessMemory or WriteProcessMemory request was completed. (0x12B)
[0930/021932.941:ERROR:process_memory_win.cc(73)] ReadMemory at 0x2be9af578b0 of 132 bytes failed: Only part of a ReadProcessMemory or WriteProcessMemory request was completed. (0x12B)
[0930/021932.942:ERROR:process_memory_win.cc(73)] ReadMemory at 0x2be9af579e0 of 132 bytes failed: Only part of a ReadProcessMemory or WriteProcessMemory request was completed. (0x12B)
[0930/021932.942:ERROR:process_memory_win.cc(73)] ReadMemory at 0x2be9af57b10 of 132 bytes failed: Only part of a ReadProcessMemory or WriteProcessMemory request was completed. (0x12B)
[0930/021932.942:ERROR:process_memory_win.cc(73)] ReadMemory at 0x2be9af59ed0 of 146 bytes failed: Only part of a ReadProcessMemory or WriteProcessMemory request was completed. (0x12B)
[0930/021932.942:ERROR:process_memory_win.cc(73)] ReadMemory at 0x2be9af5a0a0 of 62 bytes failed: Only part of a ReadProcessMemory or WriteProcessMemory request was completed. (0x12B)
[0930/021932.942:ERROR:process_memory_win.cc(73)] ReadMemory at 0x2be9af5a0f0 of 60 bytes failed: Only part of a ReadProcessMemory or WriteProcessMemory request was completed. (0x12B)
[0930/021932.942:ERROR:process_memory_win.cc(73)] ReadMemory at 0x2be9af5a140 of 62 bytes failed: Only part of a ReadProcessMemory or WriteProcessMemory request was completed. (0x12B)
[0930/021932.942:ERROR:process_memory_win.cc(73)] ReadMemory at 0x2be9af5a280 of 60 bytes failed: Only part of a ReadProcessMemory or WriteProcessMemory request was completed. (0x12B)
[0930/021932.942:ERROR:process_memory_win.cc(73)] ReadMemory at 0x2be9af5a2d0 of 64 bytes failed: Only part of a ReadProcessMemory or WriteProcessMemory request was completed. (0x12B)
[0930/021932.942:ERROR:process_memory_win.cc(73)] ReadMemory at 0x2be9af5a410 of 62 bytes failed: Only part of a ReadProcessMemory or WriteProcessMemory request was completed. (0x12B)
[0930/021932.942:ERROR:process_memory_win.cc(73)] ReadMemory at 0x2be9af5a4b0 of 64 bytes failed: Only part of a ReadProcessMemory or WriteProcessMemory request was completed. (0x12B)
[0930/021932.942:ERROR:process_memory_win.cc(73)] ReadMemory at 0x2be9af5a500 of 64 bytes failed: Only part of a ReadProcessMemory or WriteProcessMemory request was completed. (0x12B)
[0930/021932.942:ERROR:process_memory_win.cc(73)] ReadMemory at 0x2be9af5a550 of 62 bytes failed: Only part of a ReadProcessMemory or WriteProcessMemory request was completed. (0x12B)
[0930/021932.943:ERROR:process_memory_win.cc(73)] ReadMemory at 0x2be9af5a5f0 of 62 bytes failed: Only part of a ReadProcessMemory or WriteProcessMemory request was completed. (0x12B)
[0930/021932.943:ERROR:process_memory_win.cc(73)] ReadMemory at 0x2be9af5a640 of 66 bytes failed: Only part of a ReadProcessMemory or WriteProcessMemory request was completed. (0x12B)
[0930/021932.943:ERROR:process_memory_win.cc(73)] ReadMemory at 0x2be9af5a690 of 64 bytes failed: Only part of a ReadProcessMemory or WriteProcessMemory request was completed. (0x12B)
[0930/021932.943:ERROR:process_memory_win.cc(73)] ReadMemory at 0x2be9af5a7d0 of 60 bytes failed: Only part of a ReadProcessMemory or WriteProcessMemory request was completed. (0x12B)
[0930/021932.943:ERROR:process_memory_win.cc(73)] ReadMemory at 0x2be9af5a820 of 64 bytes failed: Only part of a ReadProcessMemory or WriteProcessMemory request was completed. (0x12B)
[0930/021932.943:ERROR:process_memory_win.cc(73)] ReadMemory at 0x2be9af5a8c0 of 60 bytes failed: Only part of a ReadProcessMemory or WriteProcessMemory request was completed. (0x12B)
[0930/021932.943:ERROR:process_memory_win.cc(73)] ReadMemory at 0x2be9af5a960 of 60 bytes failed: Only part of a ReadProcessMemory or WriteProcessMemory request was completed. (0x12B)
[0930/021932.943:ERROR:process_memory_win.cc(73)] ReadMemory at 0x2be9af5a9b0 of 62 bytes failed: Only part of a ReadProcessMemory or WriteProcessMemory request was completed. (0x12B)
[0930/021932.943:ERROR:process_memory_win.cc(73)] ReadMemory at 0x2be9af5aa00 of 64 bytes failed: Only part of a ReadProcessMemory or WriteProcessMemory request was completed. (0x12B)
[0930/021932.943:ERROR:process_memory_win.cc(73)] ReadMemory at 0x2be9af5aa50 of 64 bytes failed: Only part of a ReadProcessMemory or WriteProcessMemory request was completed. (0x12B)
[0930/021932.943:ERROR:process_memory_win.cc(73)] ReadMemory at 0x2be9af5aaf0 of 62 bytes failed: Only part of a ReadProcessMemory or WriteProcessMemory request was completed. (0x12B)
[0930/021932.943:ERROR:process_memory_win.cc(73)] ReadMemory at 0x2be9af5ab40 of 62 bytes failed: Only part of a ReadProcessMemory or WriteProcessMemory request was completed. (0x12B)
[0930/021932.943:ERROR:process_memory_win.cc(73)] ReadMemory at 0x2be9af5ab90 of 64 bytes failed: Only part of a ReadProcessMemory or WriteProcessMemory request was completed. (0x12B)
[0930/021932.943:ERROR:process_memory_win.cc(73)] ReadMemory at 0x2be9af5ac80 of 58 bytes failed: Only part of a ReadProcessMemory or WriteProcessMemory request was completed. (0x12B)
[0930/021932.944:ERROR:process_memory_win.cc(73)] ReadMemory at 0x2be9af5ad70 of 62 bytes failed: Only part of a ReadProcessMemory or WriteProcessMemory request was completed. (0x12B)
[0930/021932.944:ERROR:process_memory_win.cc(73)] ReadMemory at 0x2be9af5ae10 of 60 bytes failed: Only part of a ReadProcessMemory or WriteProcessMemory request was completed. (0x12B)
[0930/021932.944:ERROR:process_memory_win.cc(73)] ReadMemory at 0x2be9af5af00 of 62 bytes failed: Only part of a ReadProcessMemory or WriteProcessMemory request was completed. (0x12B)
[0930/021932.944:ERROR:process_memory_win.cc(73)] ReadMemory at 0x2be9af5af50 of 66 bytes failed: Only part of a ReadProcessMemory or WriteProcessMemory request was completed. (0x12B)
[0930/021932.944:ERROR:process_memory_win.cc(73)] ReadMemory at 0x2be9af5fd10 of 132 bytes failed: Only part of a ReadProcessMemory or WriteProcessMemory request was completed. (0x12B)
[0930/021932.944:ERROR:process_memory_win.cc(73)] ReadMemory at 0x2be9af612d0 of 76 bytes failed: Only part of a ReadProcessMemory or WriteProcessMemory request was completed. (0x12B)
[0930/021932.944:ERROR:process_memory_win.cc(73)] ReadMemory at 0x2be9af619f0 of 80 bytes failed: Only part of a ReadProcessMemory or WriteProcessMemory request was completed. (0x12B)
[0930/021932.944:ERROR:process_memory_win.cc(73)] ReadMemory at 0x2be9af61fd0 of 132 bytes failed: Only part of a ReadProcessMemory or WriteProcessMemory request was completed. (0x12B)
[0930/021932.944:ERROR:process_memory_win.cc(73)] ReadMemory at 0x2be9af62100 of 132 bytes failed: Only part of a ReadProcessMemory or WriteProcessMemory request was completed. (0x12B)
[0930/021932.944:ERROR:process_memory_win.cc(73)] ReadMemory at 0x2be9af62230 of 132 bytes failed: Only part of a ReadProcessMemory or WriteProcessMemory request was completed. (0x12B)
[0930/021932.944:ERROR:process_memory_win.cc(73)] ReadMemory at 0x2be9af62490 of 132 bytes failed: Only part of a ReadProcessMemory or WriteProcessMemory request was completed. (0x12B)
[0930/021932.944:ERROR:process_memory_win.cc(73)] ReadMemory at 0x2be9af625c0 of 132 bytes failed: Only part of a ReadProcessMemory or WriteProcessMemory request was completed. (0x12B)
[0930/021932.944:ERROR:process_memory_win.cc(73)] ReadMemory at 0x2be9af626f0 of 132 bytes failed: Only part of a ReadProcessMemory or WriteProcessMemory request was completed. (0x12B)
[0930/021932.944:ERROR:process_memory_win.cc(73)] ReadMemory at 0x2be9af62820 of 132 bytes failed: Only part of a ReadProcessMemory or WriteProcessMemory request was completed. (0x12B)
[0930/021932.945:ERROR:process_memory_win.cc(73)] ReadMemory at 0x2be9af62950 of 132 bytes failed: Only part of a ReadProcessMemory or WriteProcessMemory request was completed. (0x12B)
[0930/021932.945:ERROR:process_memory_win.cc(73)] ReadMemory at 0x2be9af62a80 of 132 bytes failed: Only part of a ReadProcessMemory or WriteProcessMemory request was completed. (0x12B)
[0930/021932.945:ERROR:process_memory_win.cc(73)] ReadMemory at 0x2be9af62bb0 of 132 bytes failed: Only part of a ReadProcessMemory or WriteProcessMemory request was completed. (0x12B)
[0930/021932.945:ERROR:process_memory_win.cc(73)] ReadMemory at 0x2be9af62ce0 of 132 bytes failed: Only part of a ReadProcessMemory or WriteProcessMemory request was completed. (0x12B)
[0930/021932.945:ERROR:process_memory_win.cc(73)] ReadMemory at 0x2be9af62f40 of 132 bytes failed: Only part of a ReadProcessMemory or WriteProcessMemory request was completed. (0x12B)
[0930/021932.945:ERROR:process_memory_win.cc(73)] ReadMemory at 0x2be9af63070 of 132 bytes failed: Only part of a ReadProcessMemory or WriteProcessMemory request was completed. (0x12B)
[0930/021932.945:ERROR:process_memory_win.cc(73)] ReadMemory at 0x2be9af631a0 of 132 bytes failed: Only part of a ReadProcessMemory or WriteProcessMemory request was completed. (0x12B)
[0930/021932.945:ERROR:process_memory_win.cc(73)] ReadMemory at 0x2be9af632d0 of 132 bytes failed: Only part of a ReadProcessMemory or WriteProcessMemory request was completed. (0x12B)
[0930/021932.945:ERROR:process_memory_win.cc(73)] ReadMemory at 0x2be9af63400 of 132 bytes failed: Only part of a ReadProcessMemory or WriteProcessMemory request was completed. (0x12B)
[0930/021932.945:ERROR:process_memory_win.cc(73)] ReadMemory at 0x2be9af63530 of 132 bytes failed: Only part of a ReadProcessMemory or WriteProcessMemory request was completed. (0x12B)
[0930/021932.946:ERROR:process_memory_win.cc(73)] ReadMemory at 0x2be9af63660 of 132 bytes failed: Only part of a ReadProcessMemory or WriteProcessMemory request was completed. (0x12B)
[0930/021932.946:ERROR:process_memory_win.cc(73)] ReadMemory at 0x2be9af63790 of 132 bytes failed: Only part of a ReadProcessMemory or WriteProcessMemory request was completed. (0x12B)
[0930/021932.946:ERROR:process_memory_win.cc(73)] ReadMemory at 0x2be9af638c0 of 132 bytes failed: Only part of a ReadProcessMemory or WriteProcessMemory request was completed. (0x12B)
[0930/021932.946:ERROR:process_memory_win.cc(73)] ReadMemory at 0x2be9af63d80 of 132 bytes failed: Only part of a ReadProcessMemory or WriteProcessMemory request was completed. (0x12B)
[0930/021932.946:ERROR:process_memory_win.cc(73)] ReadMemory at 0x2be9af860d0 of 58 bytes failed: Only part of a ReadProcessMemory or WriteProcessMemory request was completed. (0x12B)
[0930/021932.946:ERROR:process_memory_win.cc(73)] ReadMemory at 0x2be9af862b0 of 60 bytes failed: Only part of a ReadProcessMemory or WriteProcessMemory request was completed. (0x12B)
[0930/021932.946:ERROR:process_memory_win.cc(73)] ReadMemory at 0x2be9af86350 of 58 bytes failed: Only part of a ReadProcessMemory or WriteProcessMemory request was completed. (0x12B)
[0930/021932.946:ERROR:process_memory_win.cc(73)] ReadMemory at 0x2be9af863f0 of 66 bytes failed: Only part of a ReadProcessMemory or WriteProcessMemory request was completed. (0x12B)
[0930/021932.946:ERROR:process_memory_win.cc(73)] ReadMemory at 0x2be9af86440 of 62 bytes failed: Only part of a ReadProcessMemory or WriteProcessMemory request was completed. (0x12B)
[0930/021932.946:ERROR:process_memory_win.cc(73)] ReadMemory at 0x2be9af86710 of 60 bytes failed: Only part of a ReadProcessMemory or WriteProcessMemory request was completed. (0x12B)
[0930/021932.946:ERROR:process_memory_win.cc(73)] ReadMemory at 0x2be9af86c10 of 62 bytes failed: Only part of a ReadProcessMemory or WriteProcessMemory request was completed. (0x12B)
[0930/021932.947:ERROR:process_memory_win.cc(73)] ReadMemory at 0x2be9af86c60 of 64 bytes failed: Only part of a ReadProcessMemory or WriteProcessMemory request was completed. (0x12B)
[0930/021932.947:ERROR:process_memory_win.cc(73)] ReadMemory at 0x2be9af86d00 of 62 bytes failed: Only part of a ReadProcessMemory or WriteProcessMemory request was completed. (0x12B)
[0930/021932.947:ERROR:process_memory_win.cc(73)] ReadMemory at 0x2be9af86ee0 of 58 bytes failed: Only part of a ReadProcessMemory or WriteProcessMemory request was completed. (0x12B)
[0930/021932.947:ERROR:process_memory_win.cc(73)] ReadMemory at 0x2be9af92930 of 512 bytes failed: Only part of a ReadProcessMemory or WriteProcessMemory request was completed. (0x12B)
[0930/021932.947:ERROR:process_memory_win.cc(73)] ReadMemory at 0x2be9afa4b50 of 78 bytes failed: Only part of a ReadProcessMemory or WriteProcessMemory request was completed. (0x12B)
[0930/021932.947:ERROR:process_memory_win.cc(73)] ReadMemory at 0x2be9afb3ce0 of 512 bytes failed: Only part of a ReadProcessMemory or WriteProcessMemory request was completed. (0x12B)
[0930/021932.947:ERROR:process_memory_win.cc(73)] ReadMemory at 0x2be9afb40e0 of 512 bytes failed: Only part of a ReadProcessMemory or WriteProcessMemory request was completed. (0x12B)
[0930/021932.948:ERROR:process_memory_win.cc(73)] ReadMemory at 0x2be9afbed60 of 512 bytes failed: Only part of a ReadProcessMemory or WriteProcessMemory request was completed. (0x12B)
[0930/021932.948:ERROR:process_memory_win.cc(73)] ReadMemory at 0x2be9afbf6a0 of 512 bytes failed: Only part of a ReadProcessMemory or WriteProcessMemory request was completed. (0x12B)
[0930/021932.948:ERROR:process_memory_win.cc(73)] ReadMemory at 0x2be9afc2b10 of 512 bytes failed: Only part of a ReadProcessMemory or WriteProcessMemory request was completed. (0x12B)
[0930/021932.948:ERROR:process_memory_win.cc(73)] ReadMemory at 0x2be9afd9770 of 512 bytes failed: Only part of a ReadProcessMemory or WriteProcessMemory request was completed. (0x12B)
[0930/021932.948:ERROR:process_memory_win.cc(73)] ReadMemory at 0x2be9afe52a0 of 512 bytes failed: Only part of a ReadProcessMemory or WriteProcessMemory request was completed. (0x12B)
[0930/021932.948:ERROR:process_memory_win.cc(73)] ReadMemory at 0x2be9afe6c40 of 512 bytes failed: Only part of a ReadProcessMemory or WriteProcessMemory request was completed. (0x12B)
[0930/021932.948:ERROR:process_memory_win.cc(73)] ReadMemory at 0x2be9afe6f50 of 512 bytes failed: Only part of a ReadProcessMemory or WriteProcessMemory request was completed. (0x12B)
[0930/021932.948:ERROR:process_memory_win.cc(73)] ReadMemory at 0x2be9afea6c0 of 712 bytes failed: Only part of a ReadProcessMemory or WriteProcessMemory request was completed. (0x12B)
[0930/021932.948:ERROR:process_memory_win.cc(73)] ReadMemory at 0x2be9b005380 of 512 bytes failed: Only part of a ReadProcessMemory or WriteProcessMemory request was completed. (0x12B)
[0930/021932.948:ERROR:process_memory_win.cc(73)] ReadMemory at 0x2be9b02e354 of 782 bytes failed: Only part of a ReadProcessMemory or WriteProcessMemory request was completed. (0x12B)
[0930/021932.949:ERROR:process_memory_win.cc(73)] ReadMemory at 0x2be9cc1fda0 of 512 bytes failed: Only part of a ReadProcessMemory or WriteProcessMemory request was completed. (0x12B)
[0930/021932.949:ERROR:process_memory_win.cc(73)] ReadMemory at 0x2be9cc22b10 of 512 bytes failed: Only part of a ReadProcessMemory or WriteProcessMemory request was completed. (0x12B)
[0930/021932.949:ERROR:process_memory_win.cc(73)] ReadMemory at 0x2be9cc70030 of 512 bytes failed: Only part of a ReadProcessMemory or WriteProcessMemory request was completed. (0x12B)
[0930/021932.949:ERROR:process_memory_win.cc(73)] ReadMemory at 0x2be9cd0ecc8 of 512 bytes failed: Only part of a ReadProcessMemory or WriteProcessMemory request was completed. (0x12B)
[0930/021932.949:ERROR:process_memory_win.cc(73)] ReadMemory at 0x809080b5520 of 512 bytes failed: Only part of a ReadProcessMemory or WriteProcessMemory request was completed. (0x12B)
[0930/021932.949:ERROR:process_memory_win.cc(73)] ReadMemory at 0x80908594974 of 512 bytes failed: Only part of a ReadProcessMemory or WriteProcessMemory request was completed. (0x12B)
[0930/021932.949:ERROR:process_memory_win.cc(73)] ReadMemory at 0x809085f1ab1 of 512 bytes failed: Only part of a ReadProcessMemory or WriteProcessMemory request was completed. (0x12B)
[0930/021932.949:ERROR:process_memory_win.cc(73)] ReadMemory at 0x18216909af48 of 512 bytes failed: Only part of a ReadProcessMemory or WriteProcessMemory request was completed. (0x12B)
[0930/021932.949:ERROR:process_memory_win.cc(73)] ReadMemory at 0x7ffccccc74b3 of 512 bytes failed: Only part of a ReadProcessMemory or WriteProcessMemory request was completed. (0x12B)
[0930/021932.951:ERROR:scoped_process_suspend.cc(40)] NtResumeProcess: An attempt was made to access an exiting process. (0xc000010a)
[1001/174955.355:ERROR:prune_crash_reports.cc(36)] PruneCrashReportDatabase: Failed to get pending reports
[1009/053751.188:ERROR:directory_reader_win.cc(43)] FindFirstFile: The system cannot find the path specified. (0x3)
[1009/054102.427:ERROR:directory_reader_win.cc(43)] FindFirstFile: The system cannot find the path specified. (0x3)
[1009/054931.117:ERROR:directory_reader_win.cc(43)] FindFirstFile: The system cannot find the path specified. (0x3)
[1009/055452.037:ERROR:directory_reader_win.cc(43)] FindFirstFile: The system cannot find the path specified. (0x3)
[1009/061331.686:ERROR:directory_reader_win.cc(43)] FindFirstFile: The system cannot find the path specified. (0x3)
[1009/103723.615:ERROR:directory_reader_win.cc(43)] FindFirstFile: The system cannot find the path specified. (0x3)
[1009/105842.247:ERROR:directory_reader_win.cc(43)] FindFirstFile: The system cannot find the path specified. (0x3)
[1010/003617.098:ERROR:directory_reader_win.cc(43)] FindFirstFile: The system cannot find the path specified. (0x3)
[1010/005539.709:ERROR:directory_reader_win.cc(43)] FindFirstFile: The system cannot find the path specified. (0x3)
